<?xml version="1.0"?>
<cache xmlns="http://geode.apache.org/schema/cache"
    xmlns:xsi="http://www.w3.org/2001/XMLSchema-instance"
    xsi:schemaLocation="http://geode.apache.org/schema/cache http://geode.apache.org/schema/cache/cache-1.0.xsd"
    version="1.0">
  <pdx persistent="true" read-serialized="true" disk-store-name="DEFAULT">
    <pdx-serializer>
      <class-name>am.ik.demo.CustomerPdxSerializer</class-name>
    </pdx-serializer>
  </pdx>
  <region name="Customers">
    <region-attributes refid="PARTITION_PERSISTENT"/>
  </region>
</cache>